<?xml version="1.0" encoding="UTF-8"?>
<!-- Generated by org.testng.reporters.JUnitXMLReporter -->
<testsuite ignored="0" hostname="DESKTOP-274DIK8" failures="2" tests="3" name="RunFeatures" time="22.32" errors="0" timestamp="2026-03-17T01:19:45 IST">
  <testcase classname="io.cucumber.testng.AbstractTestNGCucumberTests" name="runScenario" time="0.528"/>
  <testcase classname="io.cucumber.testng.AbstractTestNGCucumberTests" name="runScenario" time="5.933">
    <failure type="java.lang.AssertionError" message="expected [120] but found [130]">
      <![CDATA[java.lang.AssertionError: expected [120] but found [130]
at stepdefinations.RestAssured_sample.validating_rating_count(RestAssured_sample.java:45)
at ✽.validating rating count should be 130(file:///C:/Users/sss/Desktop/BDD_cucucumber_RestAssured/src/test/resources/features/sample.feature:13)
... Removed 7 stack frames]]>
    </failure>
  </testcase> <!-- runScenario -->
  <testcase classname="io.cucumber.testng.AbstractTestNGCucumberTests" name="runScenario" time="1.432">
    <failure type="java.lang.AssertionError" message="expected [120] but found [130]">
      <![CDATA[java.lang.AssertionError: expected [120] but found [130]
at stepdefinations.RestAssured_sample.validating_rating_count(RestAssured_sample.java:45)
at ✽.validating rating count should be 130(file:///C:/Users/sss/Desktop/BDD_cucucumber_RestAssured/src/test/resources/features/sample.feature:13)
... Removed 7 stack frames]]>
    </failure>
  </testcase> <!-- runScenario -->
</testsuite> <!-- RunFeatures -->
