<?xml version="1.0" encoding="UTF-8"?>
<testng-results ignored="0" total="1" passed="1" failed="0" skipped="0">
  <reporter-output>
  </reporter-output>
  <suite started-at="2026-03-16T01:35:38 IST" name="Command line suite" finished-at="2026-03-16T01:35:52 IST" duration-ms="14265">
    <groups>
      <group name="cucumber">
        <method signature="AbstractTestNGCucumberTests.runScenario(io.cucumber.testng.PickleWrapper,io.cucumber.testng.FeatureWrapper)[pri:0, instance:TestRunner.TestRunner@55b53d44]" name="runScenario" class="io.cucumber.testng.AbstractTestNGCucumberTests"/>
      </group> <!-- cucumber -->
    </groups>
    <test started-at="2026-03-16T01:35:38 IST" name="Command line test" finished-at="2026-03-16T01:35:52 IST" duration-ms="14265">
      <class name="TestRunner.TestRunner">
        <test-method is-config="true" signature="setUpClass(org.testng.ITestContext)[pri:0, instance:TestRunner.TestRunner@55b53d44]" started-at="2026-03-16T01:35:38 IST" name="setUpClass" finished-at="2026-03-16T01:35:39 IST" duration-ms="1319" status="PASS">
          <params>
            <param index="0">
              <value>
                <![CDATA[org.testng.TestRunner@698ac187]]>
              </value>
            </param>
          </params>
          <reporter-output>
          </reporter-output>
        </test-method> <!-- setUpClass -->
        <test-method signature="runScenario(io.cucumber.testng.PickleWrapper,io.cucumber.testng.FeatureWrapper)[pri:0, instance:TestRunner.TestRunner@55b53d44]" started-at="2026-03-16T01:35:39 IST" name="runScenario" description="Runs Cucumber Scenarios" data-provider="scenarios" finished-at="2026-03-16T01:35:45 IST" duration-ms="5410" status="PASS">
          <params>
            <param index="0">
              <value>
                <![CDATA["Calling API end points for restAssured"]]>
              </value>
            </param>
            <param index="1">
              <value>
                <![CDATA["Restassured validation"]]>
              </value>
            </param>
          </params>
          <reporter-output>
          </reporter-output>
        </test-method> <!-- runScenario -->
        <test-method is-config="true" signature="tearDownClass()[pri:0, instance:TestRunner.TestRunner@55b53d44]" started-at="2026-03-16T01:35:45 IST" name="tearDownClass" finished-at="2026-03-16T01:35:52 IST" duration-ms="7450" status="PASS">
          <reporter-output>
          </reporter-output>
        </test-method> <!-- tearDownClass -->
      </class> <!-- TestRunner.TestRunner -->
    </test> <!-- Command line test -->
  </suite> <!-- Command line suite -->
</testng-results>
