<?xml version="1.0" encoding="UTF-8"?>
<testng-results ignored="0" total="2" passed="1" failed="1" skipped="0">
  <reporter-output>
  </reporter-output>
  <suite started-at="2026-03-17T01:24:33 IST" name="Default suite" finished-at="2026-03-17T01:24:48 IST" duration-ms="14779">
    <groups>
      <group name="cucumber">
        <method signature="AbstractTestNGCucumberTests.runScenario(io.cucumber.testng.PickleWrapper,io.cucumber.testng.FeatureWrapper)[pri:0, instance:TestRunner.TestRunner@4e5ed836]" name="runScenario" class="io.cucumber.testng.AbstractTestNGCucumberTests"/>
      </group> <!-- cucumber -->
    </groups>
    <test started-at="2026-03-17T01:24:33 IST" name="Default test" finished-at="2026-03-17T01:24:48 IST" duration-ms="14779">
      <class name="TestRunner.TestRunner">
        <test-method is-config="true" signature="setUpClass(org.testng.ITestContext)[pri:0, instance:TestRunner.TestRunner@4e5ed836]" started-at="2026-03-17T01:24:33 IST" name="setUpClass" finished-at="2026-03-17T01:24:35 IST" duration-ms="1619" status="PASS">
          <params>
            <param index="0">
              <value>
                <![CDATA[org.testng.TestRunner@2507a170]]>
              </value>
            </param>
          </params>
          <reporter-output>
          </reporter-output>
        </test-method> <!-- setUpClass -->
        <test-method signature="runScenario(io.cucumber.testng.PickleWrapper,io.cucumber.testng.FeatureWrapper)[pri:0, instance:TestRunner.TestRunner@4e5ed836]" started-at="2026-03-17T01:24:35 IST" name="runScenario" description="Runs Cucumber Scenarios" data-provider="scenarios" finished-at="2026-03-17T01:24:35 IST" duration-ms="427" status="PASS">
          <params>
            <param index="0">
              <value>
                <![CDATA["Add two numbers"]]>
              </value>
            </param>
            <param index="1">
              <value>
                <![CDATA["Restassured validation"]]>
              </value>
            </param>
          </params>
          <reporter-output>
          </reporter-output>
        </test-method> <!-- runScenario -->
        <test-method signature="runScenario(io.cucumber.testng.PickleWrapper,io.cucumber.testng.FeatureWrapper)[pri:0, instance:TestRunner.TestRunner@4e5ed836]" started-at="2026-03-17T01:24:35 IST" name="runScenario" description="Runs Cucumber Scenarios" data-provider="scenarios" finished-at="2026-03-17T01:24:40 IST" duration-ms="5410" status="FAIL">
          <params>
            <param index="0">
              <value>
                <![CDATA["Calling API end points for restAssured"]]>
              </value>
            </param>
            <param index="1">
              <value>
                <![CDATA["Restassured validation"]]>
              </value>
            </param>
          </params>
          <exception class="java.lang.AssertionError">
            <message>
              <![CDATA[expected [120] but found [130]]]>
            </message>
            <full-stacktrace>
              <![CDATA[java.lang.AssertionError: expected [120] but found [130]
at org.testng.Assert.fail(Assert.java:111)
at org.testng.Assert.failNotEquals(Assert.java:1578)
at org.testng.Assert.assertEqualsImpl(Assert.java:150)
at org.testng.Assert.assertEquals(Assert.java:132)
at org.testng.Assert.assertEquals(Assert.java:1419)
at org.testng.Assert.assertEquals(Assert.java:1383)
at org.testng.Assert.assertEquals(Assert.java:1429)
at stepdefinations.RestAssured_sample.validating_rating_count(RestAssured_sample.java:45)
at ✽.validating rating count should be 130(file:///C:/Users/sss/Desktop/BDD_cucucumber_RestAssured/src/test/resources/features/sample.feature:13)
]]>
            </full-stacktrace>
          </exception> <!-- java.lang.AssertionError -->
          <reporter-output>
          </reporter-output>
        </test-method> <!-- runScenario -->
        <test-method is-config="true" signature="rerunFailedScenarios()[pri:0, instance:TestRunner.TestRunner@4e5ed836]" started-at="2026-03-17T01:24:40 IST" name="rerunFailedScenarios" finished-at="2026-03-17T01:24:40 IST" duration-ms="3" status="PASS">
          <reporter-output>
          </reporter-output>
        </test-method> <!-- rerunFailedScenarios -->
        <test-method is-config="true" signature="tearDownClass()[pri:0, instance:TestRunner.TestRunner@4e5ed836]" started-at="2026-03-17T01:24:40 IST" name="tearDownClass" finished-at="2026-03-17T01:24:48 IST" duration-ms="7186" status="PASS">
          <reporter-output>
          </reporter-output>
        </test-method> <!-- tearDownClass -->
      </class> <!-- TestRunner.TestRunner -->
    </test> <!-- Default test -->
  </suite> <!-- Default suite -->
</testng-results>
