<?xml version="1.0" encoding="UTF-8"?>
<!-- Generated by org.testng.reporters.JUnitReportReporter -->
<testsuite hostname="DESKTOP-274DIK8" failures="1" tests="1" name="TestRunner.RerunTestRunner" time="1.432" errors="0" timestamp="2026-03-17T01:19:45 IST" skipped="0">
  <testcase classname="TestRunner.RerunTestRunner" name="runScenario" time="1.432">
    <failure message="expected [120] but found [130]" type="java.lang.AssertionError">
      <![CDATA[java.lang.AssertionError: expected [120] but found [130]
at org.testng.Assert.fail(Assert.java:111)
at org.testng.Assert.failNotEquals(Assert.java:1578)
at org.testng.Assert.assertEqualsImpl(Assert.java:150)
at org.testng.Assert.assertEquals(Assert.java:132)
at org.testng.Assert.assertEquals(Assert.java:1419)
at org.testng.Assert.assertEquals(Assert.java:1383)
at org.testng.Assert.assertEquals(Assert.java:1429)
at stepdefinations.RestAssured_sample.validating_rating_count(RestAssured_sample.java:45)
at ✽.validating rating count should be 130(file:///C:/Users/sss/Desktop/BDD_cucucumber_RestAssured/src/test/resources/features/sample.feature:13)
]]>
    </failure>
  </testcase> <!-- runScenario -->
</testsuite> <!-- TestRunner.RerunTestRunner -->
